<?xml version="1.0" encoding="UTF-8"?>
<!-- Generated by org.testng.reporters.JUnitXMLReporter -->
<testsuite ignored="3" hostname="LAPTOP-2NS9LPOC" failures="1" tests="1" name="Default test(failed)" time="5.704" errors="0" timestamp="2024-11-15T18:31:17 IST">
  <testcase classname="testCase.LoginTest" name="@AfterMethod closeBrowser" time="0.988">
    <failure type="java.lang.NullPointerException" message="Cannot invoke &amp;quot;com.aventstack.extentreports.ExtentReports.flush()&amp;quot; because &amp;quot;this.report&amp;quot; is null">
      <![CDATA[java.lang.NullPointerException: Cannot invoke "com.aventstack.extentreports.ExtentReports.flush()" because "this.report" is null
at testCase.LoginTest.closeBrowser(LoginTest.java:86)
at java.base/java.util.ArrayList.forEach(ArrayList.java:1511)
... Removed 32 stack frames]]>
    </failure>
  </testcase> <!-- @AfterMethod closeBrowser -->
  <testcase classname="testCase.LoginTest" name="loginToApplicationTest" time="0.495">
    <failure type="java.lang.NullPointerException" message="Cannot invoke &amp;quot;com.aventstack.extentreports.ExtentReports.createTest(String)&amp;quot; because &amp;quot;this.report&amp;quot; is null">
      <![CDATA[java.lang.NullPointerException: Cannot invoke "com.aventstack.extentreports.ExtentReports.createTest(String)" because "this.report" is null
at pages.Login.loginToApplication(Login.java:27)
at testCase.LoginTest.loginToApplicationTest(LoginTest.java:51)
at java.base/java.util.ArrayList.forEach(ArrayList.java:1511)
... Removed 27 stack frames]]>
    </failure>
  </testcase> <!-- loginToApplicationTest -->
  <testcase classname="testCase.LoginTest" name="verifyMulticredsTest" time="0.0">
    <ignored/>
  </testcase> <!-- verifyMulticredsTest -->
  <testcase classname="testCase.LoginTest" name="verifyTitleOfApplication" time="0.0">
    <ignored/>
  </testcase> <!-- verifyTitleOfApplication -->
  <testcase classname="testCase.LoginTest" name="verifyURLOfApplicationTest" time="0.0">
    <ignored/>
  </testcase> <!-- verifyURLOfApplicationTest -->
</testsuite> <!-- Default test(failed) -->
