<?xml version="1.0" encoding="UTF-8"?>
<!-- Generated by org.testng.reporters.JUnitXMLReporter -->
<testsuite ignored="0" hostname="LAPTOP-2NS9LPOC" failures="0" tests="10" name="Test" time="104.608" errors="0" timestamp="2024-11-13T19:10:42 IST">
  <testcase classname="testCase.CheckOut_Page_One_Test" name="inputInformation" time="0.309"/>
  <testcase classname="testCase.CheckOut_Page_One_Test" name="verifyCheckLableTest" time="0.023"/>
  <testcase classname="testCase.LoginTest" name="loginToApplicationTest" time="1.405"/>
  <testcase classname="testCase.LoginTest" name="verifyTitleOfApplication" time="0.044"/>
  <testcase classname="testCase.LoginTest" name="verifyURLOfApplicationTest" time="0.056"/>
  <testcase classname="testCase.Inventory_PageTest" name="add8Products" time="0.766"/>
  <testcase classname="testCase.Inventory_PageTest" name="remove2Products" time="0.815"/>
  <testcase classname="testCase.Inventory_PageTest" name="verifyTitleOfInventoryPage" time="0.042"/>
  <testcase classname="testCase.Inventory_PageTest" name="verifyTwitterlogo" time="0.049"/>
  <testcase classname="testCase.Cart_Page_Test" name="verifyCheckOutBtnTest" time="0.09"/>
</testsuite> <!-- Test -->
