<?xml version="1.0" encoding="UTF-8"?>
<!-- Generated by org.testng.reporters.JUnitXMLReporter -->
<testsuite ignored="3" hostname="LAPTOP-2NS9LPOC" failures="0" tests="1" name="Default test" time="12.505" errors="0" timestamp="2024-11-15T18:40:57 IST">
  <testcase classname="testCase.LoginTest" name="loginToApplicationTest" time="0.7"/>
  <testcase classname="testCase.LoginTest" name="verifyTitleOfApplication" time="0.0">
    <ignored/>
  </testcase> <!-- verifyTitleOfApplication -->
  <testcase classname="testCase.LoginTest" name="verifyMulticredsTest" time="0.0">
    <ignored/>
  </testcase> <!-- verifyMulticredsTest -->
  <testcase classname="testCase.LoginTest" name="verifyURLOfApplicationTest" time="0.0">
    <ignored/>
  </testcase> <!-- verifyURLOfApplicationTest -->
</testsuite> <!-- Default test -->
