<?xml version="1.0" encoding="UTF-8"?>
<!-- Generated by org.testng.reporters.JUnitXMLReporter -->
<testsuite ignored="4" hostname="LAPTOP-2NS9LPOC" failures="0" tests="7" name="Groups_Test" time="43.273" errors="0" timestamp="2024-11-15T19:09:42 IST">
  <testcase classname="testCase.CheckOut_Page_One_Test" name="inputInformation" time="0.441"/>
  <testcase classname="testCase.CheckOut_Page_One_Test" name="verifyCheckLableTest" time="0.026"/>
  <testcase classname="testCase.LoginTest" name="verifyURLOfApplicationTest" time="0.507"/>
  <testcase classname="testCase.Inventory_PageTest" name="add8Products" time="0.538"/>
  <testcase classname="testCase.Inventory_PageTest" name="remove2Products" time="0.736"/>
  <testcase classname="testCase.Inventory_PageTest" name="verifyTwitterlogo" time="0.032"/>
  <testcase classname="testCase.Cart_Page_Test" name="verifyCheckOutBtnTest" time="0.087"/>
  <testcase classname="testCase.LoginTest" name="loginToApplicationTest" time="0.0">
    <ignored/>
  </testcase> <!-- loginToApplicationTest -->
  <testcase classname="testCase.LoginTest" name="verifyTitleOfApplication" time="0.0">
    <ignored/>
  </testcase> <!-- verifyTitleOfApplication -->
  <testcase classname="testCase.Inventory_PageTest" name="verifyTitleOfInventoryPage" time="0.0">
    <ignored/>
  </testcase> <!-- verifyTitleOfInventoryPage -->
  <testcase classname="testCase.LoginTest" name="verifyMulticredsTest" time="0.0">
    <ignored/>
  </testcase> <!-- verifyMulticredsTest -->
</testsuite> <!-- Groups_Test -->
